1
2
4
3
STAFF LIST UPDATED
5
[received message]: код 87056229678 - [sender]: 77056229678 - [chat_id]: 77766689730-1567663081
[received message]: Код +77056229677 - [sender]: 77056229678 - [chat_id]: 77766689730-1567663081
worked error
[received message]: код +77056229678 - [sender]: 77056229678 - [chat_id]: 77766689730-1567663081
[received message]: код 87056229678 - [sender]: 77056229678 - [chat_id]: 77766689730-1567663081
[received message]: Лол - [sender]: 77056229678 - [chat_id]: 77766689730-1567663081
[received message]: код 87056229678 - [sender]: 77056229678 - [chat_id]: 77766689730-1567663081
[received message]: код 87056229678 - [sender]: 77056229678 - [chat_id]: 77766689730-1567663081
[received message]: none - [sender]: 77478081928 - [chat_id]: 120363040757450945
[received message]: Шымкент 87076918676 Купил 3посещение ,не скачивается приложения ,спешите одну тренировку пожалуйста - [sender]: 77478081928 - [chat_id]: 120363040757450945
[received message]: none - [sender]: 77071788111 - [chat_id]: 120363040757450945
[received message]: +77052262447 Татьяна Чабанова код не приходит - [sender]: 77071788111 - [chat_id]: 120363040757450945
[received message]: none - [sender]: 77760456688 - [chat_id]: 120363040757450945
[received message]: Invictus Girls 🐨  +7 705 338 08 07  Айнур Кожагельды  Добавьте 1 посещение  Она передо мной записалась и отменила нечаянно и опять записалась😊 - [sender]: 77760456688 - [chat_id]: 120363040757450945
[received message]: код 87056229678 - [sender]: 77056229678 - [chat_id]: 77766689730-1567663081
[received message]: none - [sender]: 77088088776 - [chat_id]: 120363040757450945
[received message]: Алия Каранагаева 	+7 701 998 7378 грин мол. при обновлении в энтрикс выдает ошибку - [sender]: 77088088776 - [chat_id]: 120363040757450945
[received message]: none - [sender]: 77026555911 - [chat_id]: 120363040757450945
[received message]: Добрый день ,у нас Випе в женском доступа нет . Город Атырау - [sender]: 77026555911 - [chat_id]: 120363040757450945
1
2
4
3
STAFF LIST UPDATED
5
1
2
4
3
STAFF LIST UPDATED
5
[received message]: none - [sender]: 77052650343 - [chat_id]: 120363040757450945
[received message]: 8-775-084-64-94 приложение не работает - [sender]: 77052650343 - [chat_id]: 120363040757450945
[received message]: none - [sender]: 77770921530 - [chat_id]: 120363040757450945
[received message]: Адилет Нагметов 	+7 775 832 7252 в приложении не показываются кол-во визитов в другие клубы - [sender]: 77770921530 - [chat_id]: 120363040757450945
[received message]: none - [sender]: 77081798795 - [chat_id]: 120363040757450945
[received message]: 7 701 334 4322  Huda Al-Anbary снимите блок ? она была на тренировке - [sender]: 77081798795 - [chat_id]: 120363040757450945
[received message]: none - [sender]: 77081798795 - [chat_id]: 120363040757450945
[received message]: Код 87056229678 - [sender]: 77056229678 - [chat_id]: 77766689730-1567663081
[received message]: none - [sender]: 77474735945 - [chat_id]: 120363040757450945
[received message]: Алия Каранагаева 87019987378  Invictus Astana   Карта должна быть до 3.11.2023 У нее в приложении отсутствует  Можете исправить пожалуйста - [sender]: 77474735945 - [chat_id]: 120363040757450945
[received message]: none - [sender]: 77079390303 - [chat_id]: 120363040757450945
[received message]: Азиза Абайдуллина  87055531736  Нужно добавить 3 гостевых - [sender]: 77079390303 - [chat_id]: 120363040757450945
[received message]: none - [sender]: 77478492706 - [chat_id]: 120363040757450945
[received message]: none - [sender]: 77478492706 - [chat_id]: 120363040757450945
[received message]: Зарина Исаева +7 777 303 9440 Самал  Мы если смотрим по энтриксу, то гостевые есть 5,  У нее в приложении почему то 0, можете добавить плз - [sender]: 77478492706 - [chat_id]: 120363040757450945
[received message]: Адилет Султанбек  87056291882  Не отображаются гостевые и пос в другие филиалы  5 гост 7 саду 20 самал - [sender]: 77079390303 - [chat_id]: 120363040757450945
[received message]: none - [sender]: 77056950652 - [chat_id]: 120363040757450945
[received message]: Абай Али  +7 778 700 0008 Астана ГринМолл Кьюар не впускает в ВИП. - [sender]: 77056950652 - [chat_id]: 120363040757450945
[received message]: none - [sender]: 77053604992 - [chat_id]: 120363040757450945
[received message]: Семей Нурлан Килыбаев 87473506554 Можете разблокировать - [sender]: 77053604992 - [chat_id]: 120363040757450945
[received message]: none - [sender]: 77478081928 - [chat_id]: 120363040757450945
[received message]: Шымкент 87079326737 Сотрудник Не работает скан.. - [sender]: 77478081928 - [chat_id]: 120363040757450945
[received message]: none - [sender]: 77478081928 - [chat_id]: 120363040757450945
[received message]: none - [sender]: 77478081928 - [chat_id]: 120363040757450945
[received message]: none - [sender]: 77052650343 - [chat_id]: 120363040757450945
[received message]: 8-700-976-79-76 Аяулым , уберите бан пожалуйста, была на занятиях - [sender]: 77052650343 - [chat_id]: 120363040757450945
[received message]: none - [sender]: 77010705010 - [chat_id]: 120363040757450945
[received message]: Мереке Батыров + 7 747 981 40 11 Есть абонемент в PGM, но нет в энтриксе - [sender]: 77010705010 - [chat_id]: 120363040757450945
[received message]: Оплата была произведена - [sender]: 77010705010 - [chat_id]: 120363040757450945
[received message]: none - [sender]: 77478081928 - [chat_id]: 120363040757450945
[received message]: ШЫМКЕНТ У всех клиентов  программа слетает.У всех выходит qr каждый раз  Проверьте пожалуйста - [sender]: 77478081928 - [chat_id]: 120363040757450945
[received message]: none - [sender]: 77760456688 - [chat_id]: 120363040757450945
[received message]: Тоже слетает Invictus girls 🥲 - [sender]: 77760456688 - [chat_id]: 120363040757450945
[received message]: none - [sender]: 77056950652 - [chat_id]: 120363040757450945
[received message]: ГринМолл у всех слетело приложение - [sender]: 77056950652 - [chat_id]: 120363040757450945
[received message]: none - [sender]: 77780852005 - [chat_id]: 120363040757450945
[received message]: ШЫМКЕНТ, Инвиктус Нурсат  У всех клиентов  программа слетает и шкафчик. У всех выходит qr каждый раз  Проверьте пожалуйста‼️‼️‼️‼️‼️‼️ - [sender]: 77780852005 - [chat_id]: 120363040757450945
[received message]: none - [sender]: 77053604992 - [chat_id]: 120363040757450945
[received message]: Семей 87027223538 Дидара Борангалиева  Код не приходит - [sender]: 77053604992 - [chat_id]: 120363040757450945
worked error
[received message]: none - [sender]: 77710002022 - [chat_id]: 120363040757450945
[received message]: none - [sender]: 77710002022 - [chat_id]: 120363040757450945
[received message]: none - [sender]: 77023182220 - [chat_id]: 120363040757450945
[received message]: 87027777453  Караганда Измените дату завершения, у него годовой до 27.05, а пишет дату завершения март месяц - [sender]: 77023182220 - [chat_id]: 120363040757450945
[received message]: клиенты не могут зайти в приложении выходит произошла ошибка - [sender]: 77710002022 - [chat_id]: 120363040757450945
[received message]: none - [sender]: 77478492706 - [chat_id]: 120363040757450945
[received message]: Виталий Зеленко +7 701 747 3277 Самал  1 -16 октября заморозить - [sender]: 77478492706 - [chat_id]: 120363040757450945
[received message]: none - [sender]: 77711150275 - [chat_id]: 120363040757450945
[received message]: 87010981508 Нагима Батрканова  можете ее убрать с бана - [sender]: 77711150275 - [chat_id]: 120363040757450945
[received message]: none - [sender]: 77770921530 - [chat_id]: 120363040757450945
[received message]: +7 701 334 4322 Huda Al-Anbary снимите блок , она приходила и сканировалась у тренера - [sender]: 77770921530 - [chat_id]: 120363040757450945
[received message]: none - [sender]: 77010705010 - [chat_id]: 120363040757450945
[received message]: Рустем Жанетов 8 (701) 950 0015 В приложении нет актуальных данных клиента, в энтриксе пусто абонемент, в PGM оплаченный годовой - [sender]: 77010705010 - [chat_id]: 120363040757450945
[received message]: none - [sender]: 77478081928 - [chat_id]: 120363040757450945
[received message]: none - [sender]: 77478081928 - [chat_id]: 120363040757450945
[received message]: Клиенты возмущаются - [sender]: 77478081928 - [chat_id]: 120363040757450945
[received message]: none - [sender]: 77074560640 - [chat_id]: 120363040757450945
[received message]: none - [sender]: 77074560640 - [chat_id]: 120363040757450945
[received message]: Они не могут сканировать - [sender]: 77478081928 - [chat_id]: 120363040757450945
[received message]: У всех почти - [sender]: 77478081928 - [chat_id]: 120363040757450945
[received message]: none - [sender]: 77075056620 - [chat_id]: 120363040757450945
[received message]: Гринмол, Али Абай, 	+7 778 700 0008, доступ в вип можете сделать - [sender]: 77075056620 - [chat_id]: 120363040757450945
[received message]: none - [sender]: 77010705010 - [chat_id]: 120363040757450945
[received message]: У нас не грузит приложение на андроидах от слова совсем - [sender]: 77010705010 - [chat_id]: 120363040757450945
[received message]: none - [sender]: 77010705010 - [chat_id]: 120363040757450945
[received message]: none - [sender]: 77780852005 - [chat_id]: 120363040757450945
[received message]: none - [sender]: 77780852005 - [chat_id]: 120363040757450945
[received message]: none - [sender]: 77472177131 - [chat_id]: 120363040757450945
[received message]: Доброе утро  Шымкент EntyX не работает на компьютере - [sender]: 77472177131 - [chat_id]: 120363040757450945
[received message]: none - [sender]: 77472177131 - [chat_id]: 120363040757450945
[received message]: none - [sender]: 77711150275 - [chat_id]: 120363040757450945
[received message]: Здравствуйте Не работает Ентрикс - [sender]: 77711150275 - [chat_id]: 120363040757450945
[received message]: none - [sender]: 77758881160 - [chat_id]: 120363040757450945
[received message]: none - [sender]: 77758881160 - [chat_id]: 120363040757450945
[received message]: нам так подсказали ребята - [sender]: 77758881160 - [chat_id]: 120363040757450945
[received message]: none - [sender]: 77077356485 - [chat_id]: 120363040757450945
[received message]: Здравствуйте, САДУ, не открываются шкафчики жен - [sender]: 77077356485 - [chat_id]: 120363040757450945
[received message]: Спасибо - [sender]: 77711150275 - [chat_id]: 120363040757450945
[received message]: пожалуйста - [sender]: 77758881160 - [chat_id]: 120363040757450945
[received message]: none - [sender]: 77056950652 - [chat_id]: 120363040757450945
[received message]: Инквиктус ГринМолл  Каримжан Бикбаев +7 771 505 1980 В приложении под его номером зарегистрирован сын Руслан. Надо поменять на Каримжана - [sender]: 77056950652 - [chat_id]: 120363040757450945
[received message]: 87010981508 Уберите бан пожалуйста Была на тренировке - [sender]: 77711150275 - [chat_id]: 120363040757450945
[received message]: none - [sender]: 77071788111 - [chat_id]: 120363040757450945
[received message]: 77005511315 уберите бан пожалуйста - [sender]: 77071788111 - [chat_id]: 120363040757450945
[received message]: none - [sender]: 77472177131 - [chat_id]: 120363040757450945
[received message]: none - [sender]: 77472177131 - [chat_id]: 120363040757450945
[received message]: none - [sender]: 77472177131 - [chat_id]: 120363040757450945
[received message]: none - [sender]: 77056999911 - [chat_id]: 120363040757450945
[received message]: none - [sender]: 77056999911 - [chat_id]: 120363040757450945
[received message]: none - [sender]: 77475878774 - [chat_id]: 120363040757450945
[received message]: Invictus Girls   +7 702 794 8227 Маржан Уразалина  снимите бан, она не знала что нужно сканировать qr у тренера, первый раз была - [sender]: 77475878774 - [chat_id]: 120363040757450945
[received message]: none - [sender]: 77089441768 - [chat_id]: 120363040757450945
[received message]: none - [sender]: 77716063393 - [chat_id]: 120363040757450945
[received message]: Доброе утро  Астана, Грин Молл  Ольга Шлепкина  87777586853  В приложении блок на запись гп - [sender]: 77716063393 - [chat_id]: 120363040757450945
[received message]: none - [sender]: 77010950003 - [chat_id]: 120363040757450945
[received message]: +7 701 153 5656 Зарина Самигулина  SADU  дата завершения 22.11.2023 добавить 4 гостевых - [sender]: 77010950003 - [chat_id]: 120363040757450945
[received message]: none - [sender]: 77710002022 - [chat_id]: 120363040757450945
[received message]: подскажите пожалуйста,вы не можете посмотреть кто в определенное время отсканировал кьюар на выход - [sender]: 77710002022 - [chat_id]: 120363040757450945
[received message]: none - [sender]: 77077356485 - [chat_id]: 120363040757450945
[received message]: Добрый день, в Саду турникеты заедают при сканировнии, можете пожалуйста исправить - [sender]: 77077356485 - [chat_id]: 120363040757450945
[received message]: none - [sender]: 77071788111 - [chat_id]: 120363040757450945
[received message]: +7 701 210 2022 Асель Омар не приходит код - [sender]: 77071788111 - [chat_id]: 120363040757450945
[received message]: none - [sender]: 77013090912 - [chat_id]: 120363040757450945
[received message]: none - [sender]: 77013090912 - [chat_id]: 120363040757450945
[received message]: none - [sender]: 77056999911 - [chat_id]: 120363040757450945
[received message]: none - [sender]: 77056999911 - [chat_id]: 120363040757450945
[received message]: none - [sender]: 77010705010 - [chat_id]: 120363040757450945
[received message]: none - [sender]: 77010705010 - [chat_id]: 120363040757450945
[received message]: none - [sender]: 77711725647 - [chat_id]: 120363040757450945
[received message]: Здравствуйте, 87087625606 у нее бан на запись гп, но она посещала без пропусков, можете убрать🙏🏻 - [sender]: 77711725647 - [chat_id]: 120363040757450945
[received message]: none - [sender]: 77074880962 - [chat_id]: 120363040757450945
[received message]: Малика Сундетова +7 701 824 4853  добавить 5 гостевых и 14 пос в саду - [sender]: 77074880962 - [chat_id]: 120363040757450945
[received message]: none - [sender]: 77056999911 - [chat_id]: 120363040757450945
[received message]: none - [sender]: 77056999911 - [chat_id]: 120363040757450945
[received message]: none - [sender]: 77758126297 - [chat_id]: 120363040757450945
[received message]: Здравствуйте  Семей 87071220871 Альфия Сарсекова Разблокируйте пожалуйста  Не смогла вчера отметиться на тренировке - [sender]: 77758126297 - [chat_id]: 120363040757450945
[received message]: none - [sender]: 77078424796 - [chat_id]: 120363040757450945
[received message]: Green Mall 87776925566  Добавьте плиз 2 гостевых и 20 дней заморозки - [sender]: 77078424796 - [chat_id]: 120363040757450945
[received message]: none - [sender]: 77010705010 - [chat_id]: 120363040757450945
[received message]: + 7 701 130 00 99  Мадина Сванбаева  можете посмотреть оплата есть но абонемента нету? - [sender]: 77010705010 - [chat_id]: 120363040757450945
[received message]: none - [sender]: 77718722884 - [chat_id]: 120363040757450945
[received message]: Алматы Байтурсынова  Турникеты не работают - [sender]: 77718722884 - [chat_id]: 120363040757450945
[received message]: none - [sender]: 77718722884 - [chat_id]: 120363040757450945
[received message]: none - [sender]: 77718722884 - [chat_id]: 120363040757450945
[received message]: none - [sender]: 77711725647 - [chat_id]: 120363040757450945
[received message]: 87017870046 код не приходит - [sender]: 77711725647 - [chat_id]: 120363040757450945
[received message]: Это чья ошибка - [sender]: 77711725647 - [chat_id]: 120363040757450945
[received message]: Сеть ловит хорошо и сообщения другие приходят, но код от инвиктуса не приходит - [sender]: 77711725647 - [chat_id]: 120363040757450945
[received message]: none - [sender]: 77719775389 - [chat_id]: 120363040757450945
[received message]: none - [sender]: 77719775389 - [chat_id]: 120363040757450945
[received message]: none - [sender]: 77719049036 - [chat_id]: 120363040757450945
[received message]: +7 701 571 9093 снимите блок плиз, вчера была, все сделала как положено, но бан стоит - [sender]: 77719049036 - [chat_id]: 120363040757450945
[received message]: none - [sender]: 77719775389 - [chat_id]: 120363040757450945
[received message]: none - [sender]: 77719775389 - [chat_id]: 120363040757450945
[received message]: none - [sender]: 77052650343 - [chat_id]: 120363040757450945
[received message]: 8-702-221-00-23 купила пробные 3 посещения , но в приложении не показывает - [sender]: 77052650343 - [chat_id]: 120363040757450945
[received message]: ❗️ - [sender]: 77052650343 - [chat_id]: 120363040757450945
[received message]: none - [sender]: 77477325323 - [chat_id]: 120363040757450945
[received message]: +7 701 886 6655 срочно добавить 5 гостевых - [sender]: 77477325323 - [chat_id]: 120363040757450945
[received message]: none - [sender]: 77758881160 - [chat_id]: 120363040757450945
[received message]: 7 701 127 54 94   Дд можете снять одно посещение - [sender]: 77758881160 - [chat_id]: 120363040757450945
[received message]: 7 702 441 81 94   еще номер вход не получается мне сделать - [sender]: 77758881160 - [chat_id]: 120363040757450945
[received message]: none - [sender]: 77762902804 - [chat_id]: 120363040757450945
[received message]: +7 701 999 2697 Меруерт, Highvill Удалить 2 гостевых, должно остаться 5 - [sender]: 77762902804 - [chat_id]: 120363040757450945
[received message]: none - [sender]: 77011485005 - [chat_id]: 120363040757450945
[received message]: 105003000 добавьте 5 гостевых - [sender]: 77011485005 - [chat_id]: 120363040757450945
[received message]: none - [sender]: 77011485005 - [chat_id]: 120363040757450945
[received message]: none - [sender]: 77474676564 - [chat_id]: 120363040757450945
[received message]: дд,Ольга Коптелова +7 775 000 1400 снимите бан пожалуйста - [sender]: 77474676564 - [chat_id]: 120363040757450945
[received message]: none - [sender]: 77077356485 - [chat_id]: 120363040757450945
[received message]: +7 707 600 0526 Дана Амирова, Саду, показывает что нет абонемента в приложений, можете исправить - [sender]: 77077356485 - [chat_id]: 120363040757450945
[received message]: none - [sender]: 77781785044 - [chat_id]: 120363040757450945
[received message]: none - [sender]: 77781785044 - [chat_id]: 120363040757450945
[received message]: none - [sender]: 77758881160 - [chat_id]: 120363040757450945
[received message]: можете обновить плиз сотрудника, у нас не получается 87002803997 - [sender]: 77758881160 - [chat_id]: 120363040757450945
[received message]: none - [sender]: 77075263565 - [chat_id]: 120363040757450945
[received message]: none - [sender]: 77075263565 - [chat_id]: 120363040757450945
[received message]: Шымкент, Нурсат  Можете дать логин и пароль? - [sender]: 77075263565 - [chat_id]: 120363040757450945
[received message]: ??!! - [sender]: 77075263565 - [chat_id]: 120363040757450945
[received message]: none - [sender]: 77056229678 - [chat_id]: 120363040757450945
[received message]: none - [sender]: 77056229678 - [chat_id]: 120363040757450945
[received message]: none - [sender]: 77056229678 - [chat_id]: 120363040757450945
[received message]: none - [sender]: 77760080098 - [chat_id]: 120363040757450945
[received message]: none - [sender]: 77760080098 - [chat_id]: 120363040757450945
[received message]: none - [sender]: 77010705010 - [chat_id]: 120363040757450945
[received message]: none - [sender]: 77010705010 - [chat_id]: 120363040757450945
[received message]: также проблема с сотрудниками - [sender]: 77010705010 - [chat_id]: 120363040757450945
[received message]: none - [sender]: 77780852005 - [chat_id]: 120363040757450945
[received message]: Шымкент, Инвиктус Нурсат  Турникеты сканируют, но не открывают‼️ - [sender]: 77780852005 - [chat_id]: 120363040757450945
[received message]: none - [sender]: 77783601177 - [chat_id]: 120363040757450945
[received message]: Самал  Турникеты не работают  Перезагружали - [sender]: 77783601177 - [chat_id]: 120363040757450945
[received message]: none - [sender]: 77472177131 - [chat_id]: 120363040757450945
[received message]: Шымкент  После скана турникеты не открывают - [sender]: 77472177131 - [chat_id]: 120363040757450945
[received message]: none - [sender]: 77472177131 - [chat_id]: 120363040757450945
[received message]: none - [sender]: 77053604992 - [chat_id]: 120363040757450945
[received message]: Семей Турникет не пропускает, хотя вход делает - [sender]: 77053604992 - [chat_id]: 120363040757450945
1
2
4
3
STAFF LIST UPDATED
5
[received message]: none - [sender]: 77477325323 - [chat_id]: 120363040757450945
[received message]: +77015446359 - [sender]: 77477325323 - [chat_id]: 120363040757450945
[received message]: none - [sender]: 77477325323 - [chat_id]: 120363040757450945
[received message]: +77015446359  уберите бан пожалуйста, она забыла отсканировать QR - [sender]: 77477325323 - [chat_id]: 120363040757450945
[received message]: none - [sender]: 77788611580 - [chat_id]: 120363040757450945
[received message]: Астана грин мол Анел Омаркул +77784713557 Добавить 3 гостевых - [sender]: 77788611580 - [chat_id]: 120363040757450945
[received message]: none - [sender]: 77760080098 - [chat_id]: 120363040757450945
[received message]: none - [sender]: 77760080098 - [chat_id]: 120363040757450945
[received message]: none - [sender]: 77760080098 - [chat_id]: 120363040757450945
[received message]: none - [sender]: 77760080098 - [chat_id]: 120363040757450945
[received message]: none - [sender]: 77770461703 - [chat_id]: 120363040757450945
[received message]: none - [sender]: 77770461703 - [chat_id]: 120363040757450945
[received message]: Подскажите, он пришел на тренировки, но стоит бан. В чем причина? - [sender]: 77770461703 - [chat_id]: 120363040757450945
[received message]: none - [sender]: 77071788111 - [chat_id]: 120363040757450945
[received message]: Аяужан Дулаткызы +7 747 134 5966 7 саду 20 самал 7 астана 20 семей  добавьте пожалуйста - [sender]: 77071788111 - [chat_id]: 120363040757450945
[received message]: none - [sender]: 77056229678 - [chat_id]: 120363040757450945
[received message]: none - [sender]: 77056229678 - [chat_id]: 120363040757450945
[received message]: Самал Камила Дауренбекова  8-707-171-9041 Гостевые girls только выходит  Нужно их удалить и обычные гостевые добавить -3 - [sender]: 77783601177 - [chat_id]: 120363040757450945
[received message]: none - [sender]: 77056229678 - [chat_id]: 120363040757450945
[received message]: none - [sender]: 77056229678 - [chat_id]: 120363040757450945
[received message]: none - [sender]: 77056229678 - [chat_id]: 120363040757450945
[received message]: none - [sender]: 77056229678 - [chat_id]: 120363040757450945
[received message]: none - [sender]: 77056229678 - [chat_id]: 120363040757450945
[received message]: none - [sender]: 77783601177 - [chat_id]: 120363040757450945
[received message]: none - [sender]: 77056229678 - [chat_id]: 120363040757450945
[received message]: none - [sender]: 77783601177 - [chat_id]: 120363040757450945
[received message]: none - [sender]: 77056229678 - [chat_id]: 120363040757450945
[received message]: none - [sender]: 77056229678 - [chat_id]: 120363040757450945
[received message]: Хорошо сейчас посмотрим😊 - [sender]: 77783601177 - [chat_id]: 120363040757450945
[received message]: none - [sender]: 77023182220 - [chat_id]: 120363040757450945
[received message]: none - [sender]: 77023182220 - [chat_id]: 120363040757450945
[received message]: none - [sender]: 77088007771 - [chat_id]: 120363040757450945
[received message]: +77001010224 Гагарин  Не приходит код в приложении - [sender]: 77088007771 - [chat_id]: 120363040757450945
[received message]: none - [sender]: 77083341077 - [chat_id]: 120363040757450945
[received message]: +7 707 650 5026 закройте ему доступ в хайвилл! - [sender]: 77083341077 - [chat_id]: 120363040757450945
[received message]: none - [sender]: 77056229678 - [chat_id]: 120363040757450945
[received message]: none - [sender]: 77056229678 - [chat_id]: 120363040757450945
[received message]: код +77077719005 - [sender]: 77056229678 - [chat_id]: 120363040757450945
[received message]: none - [sender]: 77081047116 - [chat_id]: 120363040757450945
[received message]: Радик Гиниятулин 87053181007 Приложение не работает @⁨Gaukhar Samatkyzy - [sender]: 77081047116 - [chat_id]: 120363040757450945
[received message]: Асхат Иманкулов 87014433928 В приложении нет доступа выходит - [sender]: 77081047116 - [chat_id]: 120363040757450945
[received message]: Аяулы Утеуленова 87074173353 Тоже самое - [sender]: 77081047116 - [chat_id]: 120363040757450945
[received message]: none - [sender]: 77081047116 - [chat_id]: 120363040757450945
[received message]: none - [sender]: 77056229678 - [chat_id]: 120363040757450945
[received message]: none - [sender]: 77056229678 - [chat_id]: 120363040757450945
[received message]: none - [sender]: 77472498412 - [chat_id]: 120363040757450945
[received message]: Шымкент, Нурсат 8-702-281-47-46  Код не приходит - [sender]: 77472498412 - [chat_id]: 120363040757450945
[received message]: none - [sender]: 77472498412 - [chat_id]: 120363040757450945
[received message]: none - [sender]: 77056229678 - [chat_id]: 120363040757450945
[received message]: none - [sender]: 77056229678 - [chat_id]: 120363040757450945
[received message]: вам в лс сразу придет если вы напишите так код +77022814746 - [sender]: 77056229678 - [chat_id]: 120363040757450945
[received message]: none - [sender]: 77711725647 - [chat_id]: 120363040757450945
[received message]: Здравствуйте, 87087625606 у нее бан на запись гп, но она посещала без пропусков, можете убрать🙏🏻 - [sender]: 77711725647 - [chat_id]: 120363040757450945
[received message]: none - [sender]: 77056229678 - [chat_id]: 120363040757450945
[received message]: none - [sender]: 77781785044 - [chat_id]: 120363040757450945
[received message]: Айдар Камен  87027251447  Абонемент оплачен в приложении нету абонемента  перезаходил 2 раза в приложение всё равно нету. - [sender]: 77781785044 - [chat_id]: 120363040757450945
[received message]: none - [sender]: 77781785044 - [chat_id]: 120363040757450945
[received message]: none - [sender]: 77056229678 - [chat_id]: 120363040757450945
[received message]: пусть скинет чек. у него нету оплаты - [sender]: 77056229678 - [chat_id]: 120363040757450945
[received message]: none - [sender]: 77781785044 - [chat_id]: 120363040757450945
[received message]: none - [sender]: 77781785044 - [chat_id]: 120363040757450945
[received message]: none - [sender]: 77056229678 - [chat_id]: 120363040757450945
[received message]: none - [sender]: 77056229678 - [chat_id]: 120363040757450945
[received message]: none - [sender]: 77056229678 - [chat_id]: 120363040757450945
[received message]: none - [sender]: 77010705010 - [chat_id]: 120363040757450945
[received message]: none - [sender]: 77010705010 - [chat_id]: 120363040757450945
[received message]: none - [sender]: 77056229678 - [chat_id]: 120363040757450945
[received message]: none - [sender]: 77078424796 - [chat_id]: 120363040757450945
[received message]: none - [sender]: 77078424796 - [chat_id]: 120363040757450945
[received message]: Green Mall 87002421234 У него отобразите плиз 40 посещений в каждый филиал премиум - [sender]: 77078424796 - [chat_id]: 120363040757450945
[received message]: none - [sender]: 77056229678 - [chat_id]: 120363040757450945
[received message]: none - [sender]: 77056229678 - [chat_id]: 120363040757450945
[received message]: none - [sender]: 77078424796 - [chat_id]: 120363040757450945
[received message]: none - [sender]: 77056229678 - [chat_id]: 120363040757450945
[received message]: none - [sender]: 77056229678 - [chat_id]: 120363040757450945
[received message]: Green Mall- безлимит  Sadu Almaty- 40 Highvill Astana- 40 Semey- 40 Temirtau- 40 - [sender]: 77078424796 - [chat_id]: 120363040757450945
[received message]: none - [sender]: 77056229678 - [chat_id]: 120363040757450945
[received message]: none - [sender]: 77078424796 - [chat_id]: 120363040757450945
[received message]: none - [sender]: 77053604992 - [chat_id]: 120363040757450945
[received message]: Семей Дарига Ибатулина 87026745487 Разблокируйте пожалуйста - [sender]: 77053604992 - [chat_id]: 120363040757450945
[received message]: none - [sender]: 77056229678 - [chat_id]: 120363040757450945
[received message]: none - [sender]: 77056229678 - [chat_id]: 120363040757450945
[received message]: none - [sender]: 77056229678 - [chat_id]: 120363040757450945
[received message]: none - [sender]: 77056229678 - [chat_id]: 120363040757450945
[received message]: none - [sender]: 77010705010 - [chat_id]: 120363040757450945
[received message]: Entryх Актау   не работает можете посмотреть? - [sender]: 77010705010 - [chat_id]: 120363040757450945
[received message]: none - [sender]: 77711150275 - [chat_id]: 120363040757450945
[received message]: 87054256121 Лаура Серикбаева  Отсутствует абонемент, рекуррентная подписка до  8.11 - [sender]: 77711150275 - [chat_id]: 120363040757450945
[received message]: none - [sender]: 77711150275 - [chat_id]: 120363040757450945
[received message]: none - [sender]: 77710002022 - [chat_id]: 120363040757450945
[received message]: с энтрикса код админу не приходит 87078575157 - [sender]: 77710002022 - [chat_id]: 120363040757450945
worked error
[received message]: для восст пароля - [sender]: 77710002022 - [chat_id]: 120363040757450945
1
2
4
3
STAFF LIST UPDATED
5
[received message]: none - [sender]: 77077356485 - [chat_id]: 120363040757450945
[received message]: +7 701 516 1999 Шынар Тулесова отправила свой гостевой этому номеру 87015551399 Жасулан он сегодня зашел через турникет и сразу же ушел по семейным обстоятельством  не могли бы ему восстановить его визит, хотел завтра позаниматься САДУ - [sender]: 77077356485 - [chat_id]: 120363040757450945
